<?xml version="1.0" encoding="UTF-8"?>
<!-- Generated by org.testng.reporters.JUnitReportReporter -->
<testsuite hostname="TL1061" failures="0" tests="1" name="runner.APIRunner" time="8.369" errors="0" timestamp="2024-04-16T15:52:13 IST" skipped="0">
  <testcase classname="runner.APIRunner" name="runScenario" time="8.369"/>
  <system-out/>
</testsuite> <!-- runner.APIRunner -->
