<?xml version="1.0" encoding="UTF-8"?>
<!-- Generated by org.testng.reporters.JUnitReportReporter -->
<testsuite hostname="TL1061" failures="0" tests="1" name="runner.APIRunner" time="9.550" errors="0" timestamp="2024-04-22T20:31:55 IST" skipped="0">
  <testcase classname="runner.APIRunner" name="runScenario" time="9.550"/>
  <system-out/>
</testsuite> <!-- runner.APIRunner -->
